<?xml version="1.0" encoding="UTF-8"?>
<!-- Generated by org.testng.reporters.JUnitXMLReporter -->
<testsuite hostname="hp" name="Default test" tests="4" failures="0" timestamp="1 Nov 2018 09:28:01 GMT" time="44.777" errors="0">
  <testcase name="verifyLoginPage" time="0.068" classname="com.automationpractices.testcases.InvalidUser"/>
  <testcase name="invalidUser" time="2.611" classname="com.automationpractices.testcases.InvalidUser"/>
  <testcase name="verifyLoginPage" time="0.057" classname="com.automationpractices.testcases.ValidUser"/>
  <testcase name="validUser" time="2.837" classname="com.automationpractices.testcases.ValidUser"/>
</testsuite> <!-- Default test -->
